INFO 2023-11-28 21:15:07,936  18176  Watching for file changes with StatReloader
INFO 2023-11-28 21:15:48,516  23608  Watching for file changes with StatReloader
INFO 2023-11-28 21:16:14,141  16292  Watching for file changes with StatReloader
WARNING 2023-11-28 21:16:16,980  16292  Not Found: /cdn-cgi/scripts/5c5dd728/cloudflare-static/email-decode.min.js
WARNING 2023-11-28 21:16:25,943  16292  Not Found: /INITAITE
INFO 2023-11-28 21:16:39,876  16292  +254728552650 582255
DEBUG 2023-11-28 21:16:39,878  16292  Starting new HTTPS connection (1): sandbox.safaricom.co.ke:443
DEBUG 2023-11-28 21:16:41,224  16292  https://sandbox.safaricom.co.ke:443 "GET /oauth/v1/generate?grant_type=client_credentials HTTP/1.1" 200 None
DEBUG 2023-11-28 21:16:41,245  16292  Starting new HTTPS connection (1): sandbox.safaricom.co.ke:443
DEBUG 2023-11-28 21:16:42,471  16292  https://sandbox.safaricom.co.ke:443 "POST /mpesa/stkpush/v1/processrequest HTTP/1.1" 400 None
DEBUG 2023-11-28 21:16:42,487  16292  {'requestId': '7194-27853274-1', 'errorCode': '400.002.02', 'errorMessage': 'Bad Request - Invalid PhoneNumber'}
ERROR 2023-11-28 21:16:42,570  16292  Internal Server Error: /initiate
Traceback (most recent call last):
  File "C:\Users\vkori\venv\Lib\site-packages\django\core\handlers\exception.py", line 55, in inner
    response = get_response(request)
               ^^^^^^^^^^^^^^^^^^^^^
  File "C:\Users\vkori\venv\Lib\site-packages\django\core\handlers\base.py", line 197, in _get_response
    response = wrapped_callback(request, *callback_args, **callback_kwargs)
               ^^^^^^^^^^^^^^^^^^^^^^^^^^^^^^^^^^^^^^^^^^^^^^^^^^^^^^^^^^^^
  File "D:\Emobilis\ClimateActionFrontier_EmobilisProjectShowcasing\mainapp\views.py", line 397, in initiate_payment
    code = json_resp['ResponseCode']
           ~~~~~~~~~^^^^^^^^^^^^^^^^
KeyError: 'ResponseCode'
INFO 2023-11-28 21:45:12,313  15032  Watching for file changes with StatReloader
WARNING 2023-11-28 21:45:14,646  16292  Not Found: /cdn-cgi/scripts/5c5dd728/cloudflare-static/email-decode.min.js
INFO 2023-11-28 21:45:24,628  16292  +254728552650 582255
DEBUG 2023-11-28 21:45:24,630  16292  Starting new HTTPS connection (1): sandbox.safaricom.co.ke:443
DEBUG 2023-11-28 21:45:26,266  16292  https://sandbox.safaricom.co.ke:443 "GET /oauth/v1/generate?grant_type=client_credentials HTTP/1.1" 200 None
DEBUG 2023-11-28 21:45:26,268  16292  Starting new HTTPS connection (1): sandbox.safaricom.co.ke:443
DEBUG 2023-11-28 21:45:27,867  16292  https://sandbox.safaricom.co.ke:443 "POST /mpesa/stkpush/v1/processrequest HTTP/1.1" 400 None
DEBUG 2023-11-28 21:45:27,867  16292  {'requestId': '40265-15797463-1', 'errorCode': '400.002.02', 'errorMessage': 'Bad Request - Invalid PhoneNumber'}
ERROR 2023-11-28 21:45:27,899  16292  Internal Server Error: /initiate
Traceback (most recent call last):
  File "C:\Users\vkori\venv\Lib\site-packages\django\core\handlers\exception.py", line 55, in inner
    response = get_response(request)
               ^^^^^^^^^^^^^^^^^^^^^
  File "C:\Users\vkori\venv\Lib\site-packages\django\core\handlers\base.py", line 197, in _get_response
    response = wrapped_callback(request, *callback_args, **callback_kwargs)
               ^^^^^^^^^^^^^^^^^^^^^^^^^^^^^^^^^^^^^^^^^^^^^^^^^^^^^^^^^^^^
  File "D:\Emobilis\ClimateActionFrontier_EmobilisProjectShowcasing\mainapp\views.py", line 397, in initiate_payment
    code = json_resp['ResponseCode']
           ~~~~~~~~~^^^^^^^^^^^^^^^^
KeyError: 'ResponseCode'
INFO 2023-11-28 21:55:36,520  15032  D:\Emobilis\ClimateActionFrontier_EmobilisProjectShowcasing\ClimateActionFrontier_EmobilisProjectShowcasing\settings.py changed, reloading.
INFO 2023-11-28 21:55:37,337  20584  Watching for file changes with StatReloader
INFO 2023-11-28 21:55:37,402  17176  Watching for file changes with StatReloader
WARNING 2023-11-28 21:55:39,049  20584  Not Found: /cdn-cgi/scripts/5c5dd728/cloudflare-static/email-decode.min.js
WARNING 2023-11-28 21:55:39,083  20584  Not Found: /static/app/assets/js/tweenmax.min.js a
WARNING 2023-11-28 21:55:39,127  20584  Not Found: /static/app/ assets/img/team/team-shape-2.png
WARNING 2023-11-28 21:55:39,502  20584  Not Found: /static/app/ assets/img/team/team-shape-2.png
INFO 2023-11-28 21:56:00,731  20584  +254728552650 582255
DEBUG 2023-11-28 21:56:00,734  20584  Starting new HTTPS connection (1): sandbox.safaricom.co.ke:443
DEBUG 2023-11-28 21:56:03,191  20584  https://sandbox.safaricom.co.ke:443 "GET /oauth/v1/generate?grant_type=client_credentials HTTP/1.1" 200 None
DEBUG 2023-11-28 21:56:03,210  20584  Starting new HTTPS connection (1): sandbox.safaricom.co.ke:443
DEBUG 2023-11-28 21:56:05,398  20584  https://sandbox.safaricom.co.ke:443 "POST /mpesa/stkpush/v1/processrequest HTTP/1.1" 400 None
DEBUG 2023-11-28 21:56:05,400  20584  {'requestId': '42458-79973104-2', 'errorCode': '400.002.02', 'errorMessage': 'Bad Request - Invalid PhoneNumber'}
ERROR 2023-11-28 21:56:05,402  20584  Internal Server Error: /initiate
Traceback (most recent call last):
  File "C:\Users\vkori\venv\Lib\site-packages\django\core\handlers\exception.py", line 55, in inner
    response = get_response(request)
               ^^^^^^^^^^^^^^^^^^^^^
  File "C:\Users\vkori\venv\Lib\site-packages\django\core\handlers\base.py", line 197, in _get_response
    response = wrapped_callback(request, *callback_args, **callback_kwargs)
               ^^^^^^^^^^^^^^^^^^^^^^^^^^^^^^^^^^^^^^^^^^^^^^^^^^^^^^^^^^^^
  File "D:\Emobilis\ClimateActionFrontier_EmobilisProjectShowcasing\mainapp\views.py", line 397, in initiate_payment
    code = json_resp['ResponseCode']
           ~~~~~~~~~^^^^^^^^^^^^^^^^
KeyError: 'ResponseCode'
INFO 2023-11-28 21:57:04,251  17176  D:\Emobilis\ClimateActionFrontier_EmobilisProjectShowcasing\ClimateActionFrontier_EmobilisProjectShowcasing\settings.py changed, reloading.
INFO 2023-11-28 21:57:04,667  20584  D:\Emobilis\ClimateActionFrontier_EmobilisProjectShowcasing\ClimateActionFrontier_EmobilisProjectShowcasing\settings.py changed, reloading.
INFO 2023-11-28 21:57:05,082  17236  Watching for file changes with StatReloader
INFO 2023-11-28 21:57:05,454  12004  Watching for file changes with StatReloader
WARNING 2023-11-28 21:59:56,040  17236  Not Found: /cdn-cgi/scripts/5c5dd728/cloudflare-static/email-decode.min.js
WARNING 2023-11-28 21:59:56,068  17236  Not Found: /static/app/assets/js/tweenmax.min.js a
WARNING 2023-11-28 21:59:56,107  17236  Not Found: /static/app/ assets/img/team/team-shape-2.png
WARNING 2023-11-28 21:59:56,380  17236  Not Found: /static/app/ assets/img/team/team-shape-2.png
INFO 2023-11-28 22:00:19,026  17236  254728552650 5
DEBUG 2023-11-28 22:00:19,027  17236  Starting new HTTPS connection (1): sandbox.safaricom.co.ke:443
DEBUG 2023-11-28 22:00:20,770  17236  https://sandbox.safaricom.co.ke:443 "GET /oauth/v1/generate?grant_type=client_credentials HTTP/1.1" 200 None
DEBUG 2023-11-28 22:00:20,777  17236  Starting new HTTPS connection (1): sandbox.safaricom.co.ke:443
DEBUG 2023-11-28 22:00:22,352  17236  https://sandbox.safaricom.co.ke:443 "POST /mpesa/stkpush/v1/processrequest HTTP/1.1" 400 None
DEBUG 2023-11-28 22:00:22,354  17236  {'requestId': '40269-15861480-1', 'errorCode': '400.002.02', 'errorMessage': 'Bad Request - Invalid CallBackURL'}
ERROR 2023-11-28 22:00:22,355  17236  Internal Server Error: /initiate
Traceback (most recent call last):
  File "C:\Users\vkori\venv\Lib\site-packages\django\core\handlers\exception.py", line 55, in inner
    response = get_response(request)
               ^^^^^^^^^^^^^^^^^^^^^
  File "C:\Users\vkori\venv\Lib\site-packages\django\core\handlers\base.py", line 197, in _get_response
    response = wrapped_callback(request, *callback_args, **callback_kwargs)
               ^^^^^^^^^^^^^^^^^^^^^^^^^^^^^^^^^^^^^^^^^^^^^^^^^^^^^^^^^^^^
  File "D:\Emobilis\ClimateActionFrontier_EmobilisProjectShowcasing\mainapp\views.py", line 397, in initiate_payment
    code = json_resp['ResponseCode']
           ~~~~~~~~~^^^^^^^^^^^^^^^^
KeyError: 'ResponseCode'
INFO 2023-11-28 22:02:46,817  12004  D:\Emobilis\ClimateActionFrontier_EmobilisProjectShowcasing\ClimateActionFrontier_EmobilisProjectShowcasing\settings.py changed, reloading.
INFO 2023-11-28 22:02:47,668  21672  Watching for file changes with StatReloader
INFO 2023-11-28 22:02:48,200  23076  Watching for file changes with StatReloader
INFO 2023-11-28 22:02:52,830  21672  254728552650 5
DEBUG 2023-11-28 22:02:52,831  21672  Starting new HTTPS connection (1): sandbox.safaricom.co.ke:443
DEBUG 2023-11-28 22:02:54,367  21672  https://sandbox.safaricom.co.ke:443 "GET /oauth/v1/generate?grant_type=client_credentials HTTP/1.1" 200 None
DEBUG 2023-11-28 22:02:54,374  21672  Starting new HTTPS connection (1): sandbox.safaricom.co.ke:443
DEBUG 2023-11-28 22:02:56,737  21672  https://sandbox.safaricom.co.ke:443 "POST /mpesa/stkpush/v1/processrequest HTTP/1.1" 200 None
DEBUG 2023-11-28 22:02:56,739  21672  {'MerchantRequestID': '84121-74062507-2', 'CheckoutRequestID': 'ws_CO_28112023220453553728552650', 'ResponseCode': '0', 'ResponseDescription': 'Success. Request accepted for processing', 'CustomerMessage': 'Success. Request accepted for processing'}
INFO 2023-11-28 22:05:00,753  21672  D:\Emobilis\ClimateActionFrontier_EmobilisProjectShowcasing\ClimateActionFrontier_EmobilisProjectShowcasing\urls.py changed, reloading.
INFO 2023-11-28 22:05:01,606  15888  Watching for file changes with StatReloader
INFO 2023-11-28 22:05:02,164  17092  Watching for file changes with StatReloader
WARNING 2023-11-28 22:05:04,163  15888  Not Found: /cdn-cgi/scripts/5c5dd728/cloudflare-static/email-decode.min.js
WARNING 2023-11-28 22:05:04,200  15888  Not Found: /static/app/assets/js/tweenmax.min.js a
WARNING 2023-11-28 22:05:04,238  15888  Not Found: /static/app/ assets/img/team/team-shape-2.png
WARNING 2023-11-28 22:05:04,622  15888  Not Found: /static/app/ assets/img/team/team-shape-2.png
INFO 2023-11-28 22:05:12,704  15888  254728552650 5
DEBUG 2023-11-28 22:05:12,705  15888  Starting new HTTPS connection (1): sandbox.safaricom.co.ke:443
DEBUG 2023-11-28 22:05:13,979  15888  https://sandbox.safaricom.co.ke:443 "GET /oauth/v1/generate?grant_type=client_credentials HTTP/1.1" 200 None
DEBUG 2023-11-28 22:05:13,984  15888  Starting new HTTPS connection (1): sandbox.safaricom.co.ke:443
DEBUG 2023-11-28 22:05:16,568  15888  https://sandbox.safaricom.co.ke:443 "POST /mpesa/stkpush/v1/processrequest HTTP/1.1" 200 None
DEBUG 2023-11-28 22:05:16,570  15888  {'MerchantRequestID': '9039-44743642-1', 'CheckoutRequestID': 'ws_CO_28112023220713367728552650', 'ResponseCode': '0', 'ResponseDescription': 'Success. Request accepted for processing', 'CustomerMessage': 'Success. Request accepted for processing'}
INFO 2023-11-28 22:07:48,729  15888  D:\Emobilis\ClimateActionFrontier_EmobilisProjectShowcasing\mainapp\views.py changed, reloading.
INFO 2023-11-28 22:07:49,493  2292  Watching for file changes with StatReloader
INFO 2023-11-28 22:07:49,585  17308  Watching for file changes with StatReloader
WARNING 2023-11-28 22:07:51,279  2292  Not Found: /cdn-cgi/scripts/5c5dd728/cloudflare-static/email-decode.min.js
WARNING 2023-11-28 22:07:51,324  2292  Not Found: /static/app/assets/js/tweenmax.min.js a
WARNING 2023-11-28 22:07:51,369  2292  Not Found: /static/app/ assets/img/team/team-shape-2.png
WARNING 2023-11-28 22:07:51,879  2292  Not Found: /static/app/ assets/img/team/team-shape-2.png
WARNING 2023-11-28 22:07:53,668  2292  Not Found: /assets/img/project/single-donation-1.jpg
WARNING 2023-11-28 22:07:53,671  2292  Not Found: /cdn-cgi/scripts/5c5dd728/cloudflare-static/email-decode.min.js
WARNING 2023-11-28 22:07:53,700  2292  Not Found: /static/app/assets/js/tweenmax.min.js a
WARNING 2023-11-28 22:08:41,848  2292  Not Found: /assets/img/project/single-donation-1.jpg
WARNING 2023-11-28 22:08:41,848  2292  Not Found: /cdn-cgi/scripts/5c5dd728/cloudflare-static/email-decode.min.js
WARNING 2023-11-28 22:08:41,907  2292  Not Found: /static/app/assets/js/tweenmax.min.js a
WARNING 2023-11-28 22:08:59,985  2292  Not Found: /assets/img/project/single-donation-1.jpg
WARNING 2023-11-28 22:08:59,989  2292  Not Found: /cdn-cgi/scripts/5c5dd728/cloudflare-static/email-decode.min.js
WARNING 2023-11-28 22:09:00,007  2292  Not Found: /static/app/assets/js/tweenmax.min.js a
INFO 2023-11-28 22:09:17,622  2292  254728552650 5
DEBUG 2023-11-28 22:09:17,625  2292  Starting new HTTPS connection (1): sandbox.safaricom.co.ke:443
DEBUG 2023-11-28 22:09:19,114  2292  https://sandbox.safaricom.co.ke:443 "GET /oauth/v1/generate?grant_type=client_credentials HTTP/1.1" 200 None
DEBUG 2023-11-28 22:09:19,114  2292  Starting new HTTPS connection (1): sandbox.safaricom.co.ke:443
DEBUG 2023-11-28 22:09:21,491  2292  https://sandbox.safaricom.co.ke:443 "POST /mpesa/stkpush/v1/processrequest HTTP/1.1" 200 None
DEBUG 2023-11-28 22:09:21,491  2292  {'MerchantRequestID': '84111-74088775-1', 'CheckoutRequestID': 'ws_CO_28112023221118680728552650', 'ResponseCode': '0', 'ResponseDescription': 'Success. Request accepted for processing', 'CustomerMessage': 'Success. Request accepted for processing'}
WARNING 2023-11-28 22:09:21,619  2292  Not Found: /assets/img/project/single-donation-1.jpg
WARNING 2023-11-28 22:09:21,630  2292  Not Found: /cdn-cgi/scripts/5c5dd728/cloudflare-static/email-decode.min.js
WARNING 2023-11-28 22:09:21,637  2292  Not Found: /static/app/assets/js/tweenmax.min.js a
INFO 2023-11-28 22:10:09,530  2292  254728552650 5
DEBUG 2023-11-28 22:10:09,531  2292  Starting new HTTPS connection (1): sandbox.safaricom.co.ke:443
DEBUG 2023-11-28 22:10:11,659  2292  https://sandbox.safaricom.co.ke:443 "GET /oauth/v1/generate?grant_type=client_credentials HTTP/1.1" 200 None
DEBUG 2023-11-28 22:10:11,671  2292  Starting new HTTPS connection (1): sandbox.safaricom.co.ke:443
DEBUG 2023-11-28 22:10:15,055  2292  https://sandbox.safaricom.co.ke:443 "POST /mpesa/stkpush/v1/processrequest HTTP/1.1" 200 None
DEBUG 2023-11-28 22:10:15,069  2292  {'MerchantRequestID': '9456-73020313-1', 'CheckoutRequestID': 'ws_CO_28112023221320850728552650', 'ResponseCode': '0', 'ResponseDescription': 'Success. Request accepted for processing', 'CustomerMessage': 'Success. Request accepted for processing'}
WARNING 2023-11-28 22:10:15,177  2292  Not Found: /assets/img/project/single-donation-1.jpg
WARNING 2023-11-28 22:10:15,180  2292  Not Found: /cdn-cgi/scripts/5c5dd728/cloudflare-static/email-decode.min.js
WARNING 2023-11-28 22:10:15,240  2292  Not Found: /static/app/assets/js/tweenmax.min.js a
INFO 2023-11-28 22:10:37,222  2292  254728552650 50
DEBUG 2023-11-28 22:10:37,224  2292  Starting new HTTPS connection (1): sandbox.safaricom.co.ke:443
DEBUG 2023-11-28 22:10:38,515  2292  https://sandbox.safaricom.co.ke:443 "GET /oauth/v1/generate?grant_type=client_credentials HTTP/1.1" 200 None
DEBUG 2023-11-28 22:10:38,515  2292  Starting new HTTPS connection (1): sandbox.safaricom.co.ke:443
DEBUG 2023-11-28 22:10:40,466  2292  https://sandbox.safaricom.co.ke:443 "POST /mpesa/stkpush/v1/processrequest HTTP/1.1" 200 None
DEBUG 2023-11-28 22:10:40,466  2292  {'MerchantRequestID': '9456-73020313-2', 'CheckoutRequestID': 'ws_CO_28112023221237755728552650', 'ResponseCode': '0', 'ResponseDescription': 'Success. Request accepted for processing', 'CustomerMessage': 'Success. Request accepted for processing'}
WARNING 2023-11-28 22:10:40,581  2292  Not Found: /assets/img/project/single-donation-1.jpg
WARNING 2023-11-28 22:10:40,586  2292  Not Found: /cdn-cgi/scripts/5c5dd728/cloudflare-static/email-decode.min.js
WARNING 2023-11-28 22:10:40,648  2292  Not Found: /static/app/assets/js/tweenmax.min.js a
INFO 2023-11-28 22:12:50,088  23372  Watching for file changes with StatReloader
WARNING 2023-11-28 22:12:53,028  2292  Not Found: /cdn-cgi/scripts/5c5dd728/cloudflare-static/email-decode.min.js
WARNING 2023-11-28 22:12:53,040  2292  Not Found: /static/app/assets/js/tweenmax.min.js a
WARNING 2023-11-28 22:12:53,076  2292  Not Found: /static/app/ assets/img/team/team-shape-2.png
WARNING 2023-11-28 22:12:53,395  2292  Not Found: /static/app/ assets/img/team/team-shape-2.png
WARNING 2023-11-28 22:12:54,777  2292  Not Found: /assets/img/project/single-donation-1.jpg
WARNING 2023-11-28 22:12:54,780  2292  Not Found: /cdn-cgi/scripts/5c5dd728/cloudflare-static/email-decode.min.js
WARNING 2023-11-28 22:12:54,805  2292  Not Found: /static/app/assets/js/tweenmax.min.js a
WARNING 2023-11-28 22:13:07,928  2292  Not Found: /cdn-cgi/scripts/5c5dd728/cloudflare-static/email-decode.min.js
WARNING 2023-11-28 22:13:07,933  2292  Not Found: /static/app/assets/js/tweenmax.min.js a
INFO 2023-11-28 22:15:14,002  21328  Watching for file changes with StatReloader
INFO 2023-11-28 22:15:16,194  5712  Watching for file changes with StatReloader
INFO 2023-11-28 22:15:19,845  15104  Watching for file changes with StatReloader
WARNING 2023-11-28 22:15:22,029  2292  Not Found: /cdn-cgi/scripts/5c5dd728/cloudflare-static/email-decode.min.js
WARNING 2023-11-28 22:15:22,045  2292  Not Found: /static/app/assets/js/tweenmax.min.js a
WARNING 2023-11-28 22:15:22,075  2292  Not Found: /static/app/ assets/img/team/team-shape-2.png
WARNING 2023-11-28 22:15:22,400  2292  Not Found: /static/app/ assets/img/team/team-shape-2.png
WARNING 2023-11-28 22:15:23,799  2292  Not Found: /assets/img/project/single-donation-1.jpg
WARNING 2023-11-28 22:15:23,802  2292  Not Found: /cdn-cgi/scripts/5c5dd728/cloudflare-static/email-decode.min.js
WARNING 2023-11-28 22:15:23,823  2292  Not Found: /static/app/assets/js/tweenmax.min.js a
INFO 2023-11-28 22:17:40,449  23276  Watching for file changes with StatReloader
WARNING 2023-11-28 22:17:42,194  2292  Not Found: /cdn-cgi/scripts/5c5dd728/cloudflare-static/email-decode.min.js
WARNING 2023-11-28 22:17:42,228  2292  Not Found: /static/app/assets/js/tweenmax.min.js a
WARNING 2023-11-28 22:17:42,266  2292  Not Found: /static/app/ assets/img/team/team-shape-2.png
WARNING 2023-11-28 22:17:42,635  2292  Not Found: /static/app/ assets/img/team/team-shape-2.png
WARNING 2023-11-28 22:17:45,401  2292  Not Found: /assets/img/project/single-donation-1.jpg
WARNING 2023-11-28 22:17:45,406  2292  Not Found: /cdn-cgi/scripts/5c5dd728/cloudflare-static/email-decode.min.js
WARNING 2023-11-28 22:17:45,429  2292  Not Found: /static/app/assets/js/tweenmax.min.js a
WARNING 2023-11-28 22:17:52,518  2292  Not Found: /assets/img/project/single-donation-1.jpg
WARNING 2023-11-28 22:17:52,522  2292  Not Found: /cdn-cgi/scripts/5c5dd728/cloudflare-static/email-decode.min.js
WARNING 2023-11-28 22:17:52,546  2292  Not Found: /static/app/assets/js/tweenmax.min.js a
WARNING 2023-11-28 22:17:58,451  2292  Not Found: /assets/img/project/single-donation-1.jpg
WARNING 2023-11-28 22:17:58,454  2292  Not Found: /cdn-cgi/scripts/5c5dd728/cloudflare-static/email-decode.min.js
WARNING 2023-11-28 22:17:58,478  2292  Not Found: /static/app/assets/js/tweenmax.min.js a
WARNING 2023-11-28 22:19:08,634  2292  Not Found: /cdn-cgi/scripts/5c5dd728/cloudflare-static/email-decode.min.js
WARNING 2023-11-28 22:19:08,648  2292  Not Found: /static/app/assets/js/tweenmax.min.js a
WARNING 2023-11-28 22:19:08,677  2292  Not Found: /static/app/ assets/img/team/team-shape-2.png
WARNING 2023-11-28 22:19:08,983  2292  Not Found: /static/app/ assets/img/team/team-shape-2.png
WARNING 2023-11-28 22:19:10,650  2292  Not Found: /assets/img/project/single-donation-1.jpg
WARNING 2023-11-28 22:19:10,654  2292  Not Found: /cdn-cgi/scripts/5c5dd728/cloudflare-static/email-decode.min.js
WARNING 2023-11-28 22:19:10,678  2292  Not Found: /static/app/assets/js/tweenmax.min.js a
WARNING 2023-11-28 22:19:18,114  2292  Not Found: /cdn-cgi/scripts/5c5dd728/cloudflare-static/email-decode.min.js
WARNING 2023-11-28 22:19:18,116  2292  Not Found: /assets/img/project/single-donation-1.jpg
WARNING 2023-11-28 22:19:18,137  2292  Not Found: /static/app/assets/js/tweenmax.min.js a
WARNING 2023-11-28 22:19:27,764  2292  Not Found: /donation/n
WARNING 2023-11-28 22:19:27,837  2292  Not Found: /static/app/assets/img/404.png 
WARNING 2023-11-28 22:19:27,841  2292  Not Found: /cdn-cgi/scripts/5c5dd728/cloudflare-static/email-decode.min.js
WARNING 2023-11-28 22:19:27,863  2292  Not Found: /static/app/assets/js/tweenmax.min.js a
WARNING 2023-11-28 22:19:33,252  2292  Not Found: /donation/k
WARNING 2023-11-28 22:19:33,308  2292  Not Found: /cdn-cgi/scripts/5c5dd728/cloudflare-static/email-decode.min.js
WARNING 2023-11-28 22:19:33,308  2292  Not Found: /static/app/assets/img/404.png 
WARNING 2023-11-28 22:19:33,363  2292  Not Found: /static/app/assets/js/tweenmax.min.js a
WARNING 2023-11-28 22:19:36,240  2292  Not Found: /assets/img/project/single-donation-1.jpg
WARNING 2023-11-28 22:19:36,244  2292  Not Found: /cdn-cgi/scripts/5c5dd728/cloudflare-static/email-decode.min.js
WARNING 2023-11-28 22:19:36,283  2292  Not Found: /static/app/assets/js/tweenmax.min.js a
WARNING 2023-11-28 22:20:43,152  2292  Not Found: /cdn-cgi/scripts/5c5dd728/cloudflare-static/email-decode.min.js
WARNING 2023-11-28 22:20:43,156  2292  Not Found: /static/app/assets/js/tweenmax.min.js a
WARNING 2023-11-28 22:20:43,192  2292  Not Found: /static/app/ assets/img/team/team-shape-2.png
WARNING 2023-11-28 22:20:43,585  2292  Not Found: /static/app/ assets/img/team/team-shape-2.png
WARNING 2023-11-28 22:20:44,723  2292  Not Found: /assets/img/project/single-donation-1.jpg
WARNING 2023-11-28 22:20:44,728  2292  Not Found: /cdn-cgi/scripts/5c5dd728/cloudflare-static/email-decode.min.js
WARNING 2023-11-28 22:20:44,753  2292  Not Found: /static/app/assets/js/tweenmax.min.js a
WARNING 2023-11-28 22:21:07,346  2292  Not Found: /assets/img/project/single-donation-1.jpg
WARNING 2023-11-28 22:21:07,351  2292  Not Found: /cdn-cgi/scripts/5c5dd728/cloudflare-static/email-decode.min.js
WARNING 2023-11-28 22:21:07,407  2292  Not Found: /static/app/assets/js/tweenmax.min.js a
WARNING 2023-11-28 22:21:38,424  2292  Not Found: /assets/img/project/single-donation-1.jpg
WARNING 2023-11-28 22:21:38,427  2292  Not Found: /cdn-cgi/scripts/5c5dd728/cloudflare-static/email-decode.min.js
WARNING 2023-11-28 22:21:38,460  2292  Not Found: /static/app/assets/js/tweenmax.min.js a
WARNING 2023-11-28 22:21:43,432  2292  Not Found: /cdn-cgi/scripts/5c5dd728/cloudflare-static/email-decode.min.js
WARNING 2023-11-28 22:21:43,432  2292  Not Found: /assets/img/project/single-donation-1.jpg
WARNING 2023-11-28 22:21:43,466  2292  Not Found: /static/app/assets/js/tweenmax.min.js a
INFO 2023-11-28 22:22:22,434  2292  D:\Emobilis\ClimateActionFrontier_EmobilisProjectShowcasing\mainapp\views.py changed, reloading.
INFO 2023-11-28 22:22:23,360  12780  Watching for file changes with StatReloader
INFO 2023-11-28 22:22:23,445  12772  Watching for file changes with StatReloader
WARNING 2023-11-28 22:22:25,126  12780  Not Found: /cdn-cgi/scripts/5c5dd728/cloudflare-static/email-decode.min.js
WARNING 2023-11-28 22:22:25,158  12780  Not Found: /static/app/assets/js/tweenmax.min.js a
WARNING 2023-11-28 22:22:25,193  12780  Not Found: /static/app/ assets/img/team/team-shape-2.png
WARNING 2023-11-28 22:22:25,560  12780  Not Found: /static/app/ assets/img/team/team-shape-2.png
WARNING 2023-11-28 22:22:27,948  12780  Not Found: /assets/img/project/single-donation-1.jpg
WARNING 2023-11-28 22:22:27,951  12780  Not Found: /cdn-cgi/scripts/5c5dd728/cloudflare-static/email-decode.min.js
WARNING 2023-11-28 22:22:27,977  12780  Not Found: /static/app/assets/js/tweenmax.min.js a
INFO 2023-11-28 22:22:50,643  12780  254728552650 500
DEBUG 2023-11-28 22:22:50,644  12780  Starting new HTTPS connection (1): sandbox.safaricom.co.ke:443
DEBUG 2023-11-28 22:22:51,813  12780  https://sandbox.safaricom.co.ke:443 "GET /oauth/v1/generate?grant_type=client_credentials HTTP/1.1" 200 None
DEBUG 2023-11-28 22:22:51,834  12780  Starting new HTTPS connection (1): sandbox.safaricom.co.ke:443
DEBUG 2023-11-28 22:22:54,062  12780  https://sandbox.safaricom.co.ke:443 "POST /mpesa/stkpush/v1/processrequest HTTP/1.1" 200 None
DEBUG 2023-11-28 22:22:54,062  12780  {'MerchantRequestID': '42464-80082629-1', 'CheckoutRequestID': 'ws_CO_28112023222451396728552650', 'ResponseCode': '0', 'ResponseDescription': 'Success. Request accepted for processing', 'CustomerMessage': 'Success. Request accepted for processing'}
INFO 2023-11-28 22:23:12,723  12780  254728552650 609
DEBUG 2023-11-28 22:23:12,725  12780  Starting new HTTPS connection (1): sandbox.safaricom.co.ke:443
DEBUG 2023-11-28 22:23:13,901  12780  https://sandbox.safaricom.co.ke:443 "GET /oauth/v1/generate?grant_type=client_credentials HTTP/1.1" 200 None
DEBUG 2023-11-28 22:23:13,901  12780  Starting new HTTPS connection (1): sandbox.safaricom.co.ke:443
DEBUG 2023-11-28 22:23:15,981  12780  https://sandbox.safaricom.co.ke:443 "POST /mpesa/stkpush/v1/processrequest HTTP/1.1" 200 None
DEBUG 2023-11-28 22:23:15,981  12780  {'MerchantRequestID': '9029-44816012-1', 'CheckoutRequestID': 'ws_CO_28112023222621930728552650', 'ResponseCode': '0', 'ResponseDescription': 'Success. Request accepted for processing', 'CustomerMessage': 'Success. Request accepted for processing'}
INFO 2023-11-28 22:23:51,774  12780  D:\Emobilis\ClimateActionFrontier_EmobilisProjectShowcasing\mainapp\views.py changed, reloading.
INFO 2023-11-28 22:23:52,416  20668  Watching for file changes with StatReloader
INFO 2023-11-28 22:23:52,618  24876  Watching for file changes with StatReloader
WARNING 2023-11-28 22:23:53,930  20668  Not Found: /cdn-cgi/scripts/5c5dd728/cloudflare-static/email-decode.min.js
WARNING 2023-11-28 22:23:53,942  20668  Not Found: /static/app/assets/js/tweenmax.min.js a
WARNING 2023-11-28 22:23:53,978  20668  Not Found: /static/app/ assets/img/team/team-shape-2.png
WARNING 2023-11-28 22:23:54,284  20668  Not Found: /static/app/ assets/img/team/team-shape-2.png
WARNING 2023-11-28 22:23:55,474  20668  Not Found: /assets/img/project/single-donation-1.jpg
WARNING 2023-11-28 22:23:55,477  20668  Not Found: /cdn-cgi/scripts/5c5dd728/cloudflare-static/email-decode.min.js
WARNING 2023-11-28 22:23:55,504  20668  Not Found: /static/app/assets/js/tweenmax.min.js a
WARNING 2023-11-28 22:24:04,563  20668  Not Found: /assets/img/project/single-donation-1.jpg
WARNING 2023-11-28 22:24:04,565  20668  Not Found: /cdn-cgi/scripts/5c5dd728/cloudflare-static/email-decode.min.js
WARNING 2023-11-28 22:24:04,588  20668  Not Found: /static/app/assets/js/tweenmax.min.js a
WARNING 2023-11-28 22:24:13,979  20668  Not Found: /donation/n
WARNING 2023-11-28 22:24:14,054  20668  Not Found: /static/app/assets/img/404.png 
WARNING 2023-11-28 22:24:14,067  20668  Not Found: /cdn-cgi/scripts/5c5dd728/cloudflare-static/email-decode.min.js
WARNING 2023-11-28 22:24:14,078  20668  Not Found: /static/app/assets/js/tweenmax.min.js a
WARNING 2023-11-28 22:24:26,211  20668  Not Found: /assets/img/project/single-donation-1.jpg
WARNING 2023-11-28 22:24:26,211  20668  Not Found: /cdn-cgi/scripts/5c5dd728/cloudflare-static/email-decode.min.js
WARNING 2023-11-28 22:24:26,240  20668  Not Found: /static/app/assets/js/tweenmax.min.js a
WARNING 2023-11-28 22:24:30,199  20668  Not Found: /assets/img/project/single-donation-1.jpg
WARNING 2023-11-28 22:24:30,199  20668  Not Found: /cdn-cgi/scripts/5c5dd728/cloudflare-static/email-decode.min.js
WARNING 2023-11-28 22:24:30,247  20668  Not Found: /static/app/assets/js/tweenmax.min.js a
WARNING 2023-11-28 22:24:54,640  20668  Not Found: /assets/img/project/single-donation-1.jpg
WARNING 2023-11-28 22:24:54,644  20668  Not Found: /cdn-cgi/scripts/5c5dd728/cloudflare-static/email-decode.min.js
WARNING 2023-11-28 22:24:54,678  20668  Not Found: /static/app/assets/js/tweenmax.min.js a
INFO 2023-11-28 22:25:04,218  20668  0728552650 50
DEBUG 2023-11-28 22:25:04,221  20668  Starting new HTTPS connection (1): sandbox.safaricom.co.ke:443
DEBUG 2023-11-28 22:25:05,325  20668  https://sandbox.safaricom.co.ke:443 "GET /oauth/v1/generate?grant_type=client_credentials HTTP/1.1" 200 None
DEBUG 2023-11-28 22:25:05,341  20668  Starting new HTTPS connection (1): sandbox.safaricom.co.ke:443
DEBUG 2023-11-28 22:25:06,617  20668  https://sandbox.safaricom.co.ke:443 "POST /mpesa/stkpush/v1/processrequest HTTP/1.1" 400 None
DEBUG 2023-11-28 22:25:06,620  20668  {'requestId': '8662-43411530-1', 'errorCode': '400.002.02', 'errorMessage': 'Bad Request - Invalid PhoneNumber'}
ERROR 2023-11-28 22:25:06,621  20668  Internal Server Error: /n
Traceback (most recent call last):
  File "C:\Users\vkori\venv\Lib\site-packages\django\core\handlers\exception.py", line 55, in inner
    response = get_response(request)
               ^^^^^^^^^^^^^^^^^^^^^
  File "C:\Users\vkori\venv\Lib\site-packages\django\core\handlers\base.py", line 197, in _get_response
    response = wrapped_callback(request, *callback_args, **callback_kwargs)
               ^^^^^^^^^^^^^^^^^^^^^^^^^^^^^^^^^^^^^^^^^^^^^^^^^^^^^^^^^^^^
  File "D:\Emobilis\ClimateActionFrontier_EmobilisProjectShowcasing\mainapp\views.py", line 397, in initiate_payment
    code = json_resp['ResponseCode']
           ~~~~~~~~~^^^^^^^^^^^^^^^^
KeyError: 'ResponseCode'
INFO 2023-11-28 22:25:11,364  20668  0728552650 50
DEBUG 2023-11-28 22:25:11,365  20668  Starting new HTTPS connection (1): sandbox.safaricom.co.ke:443
DEBUG 2023-11-28 22:25:12,478  20668  https://sandbox.safaricom.co.ke:443 "GET /oauth/v1/generate?grant_type=client_credentials HTTP/1.1" 200 None
DEBUG 2023-11-28 22:25:12,478  20668  Starting new HTTPS connection (1): sandbox.safaricom.co.ke:443
DEBUG 2023-11-28 22:25:13,625  20668  https://sandbox.safaricom.co.ke:443 "POST /mpesa/stkpush/v1/processrequest HTTP/1.1" 400 None
DEBUG 2023-11-28 22:25:13,625  20668  {'requestId': '18141-144833128-1', 'errorCode': '400.002.02', 'errorMessage': 'Bad Request - Invalid PhoneNumber'}
ERROR 2023-11-28 22:25:13,625  20668  Internal Server Error: /n
Traceback (most recent call last):
  File "C:\Users\vkori\venv\Lib\site-packages\django\core\handlers\exception.py", line 55, in inner
    response = get_response(request)
               ^^^^^^^^^^^^^^^^^^^^^
  File "C:\Users\vkori\venv\Lib\site-packages\django\core\handlers\base.py", line 197, in _get_response
    response = wrapped_callback(request, *callback_args, **callback_kwargs)
               ^^^^^^^^^^^^^^^^^^^^^^^^^^^^^^^^^^^^^^^^^^^^^^^^^^^^^^^^^^^^
  File "D:\Emobilis\ClimateActionFrontier_EmobilisProjectShowcasing\mainapp\views.py", line 397, in initiate_payment
    code = json_resp['ResponseCode']
           ~~~~~~~~~^^^^^^^^^^^^^^^^
KeyError: 'ResponseCode'
INFO 2023-11-28 22:25:21,209  20668  254728552650 50
DEBUG 2023-11-28 22:25:21,210  20668  Starting new HTTPS connection (1): sandbox.safaricom.co.ke:443
DEBUG 2023-11-28 22:25:22,423  20668  https://sandbox.safaricom.co.ke:443 "GET /oauth/v1/generate?grant_type=client_credentials HTTP/1.1" 200 None
DEBUG 2023-11-28 22:25:22,423  20668  Starting new HTTPS connection (1): sandbox.safaricom.co.ke:443
DEBUG 2023-11-28 22:25:24,333  20668  https://sandbox.safaricom.co.ke:443 "POST /mpesa/stkpush/v1/processrequest HTTP/1.1" 200 None
DEBUG 2023-11-28 22:25:24,333  20668  {'MerchantRequestID': '8659-43412649-1', 'CheckoutRequestID': 'ws_CO_28112023222830395728552650', 'ResponseCode': '0', 'ResponseDescription': 'Success. Request accepted for processing', 'CustomerMessage': 'Success. Request accepted for processing'}
WARNING 2023-11-28 22:25:24,407  20668  Not Found: /assets/img/project/single-donation-1.jpg
WARNING 2023-11-28 22:25:24,411  20668  Not Found: /cdn-cgi/scripts/5c5dd728/cloudflare-static/email-decode.min.js
WARNING 2023-11-28 22:25:24,450  20668  Not Found: /static/app/assets/js/tweenmax.min.js a
INFO 2023-11-28 22:26:15,400  25040  Watching for file changes with StatReloader
WARNING 2023-11-28 22:26:17,505  24876  Not Found: /cdn-cgi/scripts/5c5dd728/cloudflare-static/email-decode.min.js
WARNING 2023-11-28 22:26:17,533  24876  Not Found: /static/app/assets/js/tweenmax.min.js a
WARNING 2023-11-28 22:26:17,559  24876  Not Found: /static/app/ assets/img/team/team-shape-2.png
WARNING 2023-11-28 22:26:17,845  24876  Not Found: /static/app/ assets/img/team/team-shape-2.png
WARNING 2023-11-28 22:26:19,448  24876  Not Found: /assets/img/project/single-donation-1.jpg
WARNING 2023-11-28 22:26:19,452  24876  Not Found: /cdn-cgi/scripts/5c5dd728/cloudflare-static/email-decode.min.js
WARNING 2023-11-28 22:26:19,475  24876  Not Found: /static/app/assets/js/tweenmax.min.js a
WARNING 2023-11-28 22:26:25,143  24876  Not Found: /cdn-cgi/scripts/5c5dd728/cloudflare-static/email-decode.min.js
WARNING 2023-11-28 22:26:25,143  24876  Not Found: /assets/img/project/single-donation-1.jpg
WARNING 2023-11-28 22:26:25,160  24876  Not Found: /static/app/assets/js/tweenmax.min.js a
WARNING 2023-11-28 22:26:35,253  24876  Not Found: /assets/img/project/single-donation-1.jpg
WARNING 2023-11-28 22:26:35,259  24876  Not Found: /cdn-cgi/scripts/5c5dd728/cloudflare-static/email-decode.min.js
WARNING 2023-11-28 22:26:35,277  24876  Not Found: /static/app/assets/js/tweenmax.min.js a
WARNING 2023-11-28 22:26:44,662  24876  Not Found: /assets/img/project/single-donation-1.jpg
WARNING 2023-11-28 22:26:44,667  24876  Not Found: /cdn-cgi/scripts/5c5dd728/cloudflare-static/email-decode.min.js
WARNING 2023-11-28 22:26:44,693  24876  Not Found: /static/app/assets/js/tweenmax.min.js a
WARNING 2023-11-28 22:26:51,366  24876  Not Found: /assets/img/project/single-donation-1.jpg
WARNING 2023-11-28 22:26:51,372  24876  Not Found: /cdn-cgi/scripts/5c5dd728/cloudflare-static/email-decode.min.js
WARNING 2023-11-28 22:26:51,393  24876  Not Found: /static/app/assets/js/tweenmax.min.js a
WARNING 2023-11-28 22:26:59,714  24876  Not Found: /assets/img/project/single-donation-1.jpg
WARNING 2023-11-28 22:26:59,719  24876  Not Found: /cdn-cgi/scripts/5c5dd728/cloudflare-static/email-decode.min.js
WARNING 2023-11-28 22:26:59,745  24876  Not Found: /static/app/assets/js/tweenmax.min.js a
INFO 2023-11-28 22:27:12,744  24876  254728552650 545
DEBUG 2023-11-28 22:27:12,744  24876  Starting new HTTPS connection (1): sandbox.safaricom.co.ke:443
DEBUG 2023-11-28 22:27:14,017  24876  https://sandbox.safaricom.co.ke:443 "GET /oauth/v1/generate?grant_type=client_credentials HTTP/1.1" 200 None
DEBUG 2023-11-28 22:27:14,018  24876  Starting new HTTPS connection (1): sandbox.safaricom.co.ke:443
DEBUG 2023-11-28 22:27:15,967  24876  https://sandbox.safaricom.co.ke:443 "POST /mpesa/stkpush/v1/processrequest HTTP/1.1" 200 None
DEBUG 2023-11-28 22:27:15,967  24876  {'MerchantRequestID': '85294-146087602-1', 'CheckoutRequestID': 'ws_CO_28112023222913407728552650', 'ResponseCode': '0', 'ResponseDescription': 'Success. Request accepted for processing', 'CustomerMessage': 'Success. Request accepted for processing'}
WARNING 2023-11-28 22:27:16,057  24876  Not Found: /assets/img/project/single-donation-1.jpg
WARNING 2023-11-28 22:27:16,060  24876  Not Found: /cdn-cgi/scripts/5c5dd728/cloudflare-static/email-decode.min.js
WARNING 2023-11-28 22:27:16,090  24876  Not Found: /static/app/assets/js/tweenmax.min.js a
INFO 2023-11-28 22:29:46,338  24876  D:\Emobilis\ClimateActionFrontier_EmobilisProjectShowcasing\ClimateActionFrontier_EmobilisProjectShowcasing\urls.py changed, reloading.
INFO 2023-11-28 22:29:46,812  16924  Watching for file changes with StatReloader
INFO 2023-11-28 22:29:47,078  17260  Watching for file changes with StatReloader
ERROR 2023-11-28 22:29:48,662  16924  Internal Server Error: /
Traceback (most recent call last):
  File "C:\Users\vkori\venv\Lib\site-packages\django\core\handlers\exception.py", line 55, in inner
    response = get_response(request)
               ^^^^^^^^^^^^^^^^^^^^^
  File "C:\Users\vkori\venv\Lib\site-packages\django\core\handlers\base.py", line 197, in _get_response
    response = wrapped_callback(request, *callback_args, **callback_kwargs)
               ^^^^^^^^^^^^^^^^^^^^^^^^^^^^^^^^^^^^^^^^^^^^^^^^^^^^^^^^^^^^
  File "D:\Emobilis\ClimateActionFrontier_EmobilisProjectShowcasing\mainapp\views.py", line 23, in home
    return render(request, "home.html")
           ^^^^^^^^^^^^^^^^^^^^^^^^^^^^
  File "C:\Users\vkori\venv\Lib\site-packages\django\shortcuts.py", line 24, in render
    content = loader.render_to_string(template_name, context, request, using=using)
              ^^^^^^^^^^^^^^^^^^^^^^^^^^^^^^^^^^^^^^^^^^^^^^^^^^^^^^^^^^^^^^^^^^^^^
  File "C:\Users\vkori\venv\Lib\site-packages\django\template\loader.py", line 62, in render_to_string
    return template.render(context, request)
           ^^^^^^^^^^^^^^^^^^^^^^^^^^^^^^^^^
  File "C:\Users\vkori\venv\Lib\site-packages\django\template\backends\django.py", line 61, in render
    return self.template.render(context)
           ^^^^^^^^^^^^^^^^^^^^^^^^^^^^^
  File "C:\Users\vkori\venv\Lib\site-packages\django\template\base.py", line 175, in render
    return self._render(context)
           ^^^^^^^^^^^^^^^^^^^^^
  File "C:\Users\vkori\venv\Lib\site-packages\django\template\base.py", line 167, in _render
    return self.nodelist.render(context)
           ^^^^^^^^^^^^^^^^^^^^^^^^^^^^^
  File "C:\Users\vkori\venv\Lib\site-packages\django\template\base.py", line 1005, in render
    return SafeString("".join([node.render_annotated(context) for node in self]))
                               ^^^^^^^^^^^^^^^^^^^^^^^^^^^^^^
  File "C:\Users\vkori\venv\Lib\site-packages\django\template\base.py", line 966, in render_annotated
    return self.render(context)
           ^^^^^^^^^^^^^^^^^^^^
  File "C:\Users\vkori\venv\Lib\site-packages\django\template\loader_tags.py", line 157, in render
    return compiled_parent._render(context)
           ^^^^^^^^^^^^^^^^^^^^^^^^^^^^^^^^
  File "C:\Users\vkori\venv\Lib\site-packages\django\template\base.py", line 167, in _render
    return self.nodelist.render(context)
           ^^^^^^^^^^^^^^^^^^^^^^^^^^^^^
  File "C:\Users\vkori\venv\Lib\site-packages\django\template\base.py", line 1005, in render
    return SafeString("".join([node.render_annotated(context) for node in self]))
                               ^^^^^^^^^^^^^^^^^^^^^^^^^^^^^^
  File "C:\Users\vkori\venv\Lib\site-packages\django\template\base.py", line 966, in render_annotated
    return self.render(context)
           ^^^^^^^^^^^^^^^^^^^^
  File "C:\Users\vkori\venv\Lib\site-packages\django\template\loader_tags.py", line 208, in render
    return template.render(context)
           ^^^^^^^^^^^^^^^^^^^^^^^^
  File "C:\Users\vkori\venv\Lib\site-packages\django\template\base.py", line 177, in render
    return self._render(context)
           ^^^^^^^^^^^^^^^^^^^^^
  File "C:\Users\vkori\venv\Lib\site-packages\django\template\base.py", line 167, in _render
    return self.nodelist.render(context)
           ^^^^^^^^^^^^^^^^^^^^^^^^^^^^^
  File "C:\Users\vkori\venv\Lib\site-packages\django\template\base.py", line 1005, in render
    return SafeString("".join([node.render_annotated(context) for node in self]))
                               ^^^^^^^^^^^^^^^^^^^^^^^^^^^^^^
  File "C:\Users\vkori\venv\Lib\site-packages\django\template\base.py", line 966, in render_annotated
    return self.render(context)
           ^^^^^^^^^^^^^^^^^^^^
  File "C:\Users\vkori\venv\Lib\site-packages\django\template\defaulttags.py", line 471, in render
    url = reverse(view_name, args=args, kwargs=kwargs, current_app=current_app)
          ^^^^^^^^^^^^^^^^^^^^^^^^^^^^^^^^^^^^^^^^^^^^^^^^^^^^^^^^^^^^^^^^^^^^^
  File "C:\Users\vkori\venv\Lib\site-packages\django\urls\base.py", line 88, in reverse
    return resolver._reverse_with_prefix(view, prefix, *args, **kwargs)
           ^^^^^^^^^^^^^^^^^^^^^^^^^^^^^^^^^^^^^^^^^^^^^^^^^^^^^^^^^^^^
  File "C:\Users\vkori\venv\Lib\site-packages\django\urls\resolvers.py", line 828, in _reverse_with_prefix
    raise NoReverseMatch(msg)
django.urls.exceptions.NoReverseMatch: Reverse for 'donation' not found. 'donation' is not a valid view function or pattern name.
INFO 2023-11-28 22:30:18,775  17260  D:\Emobilis\ClimateActionFrontier_EmobilisProjectShowcasing\ClimateActionFrontier_EmobilisProjectShowcasing\settings.py changed, reloading.
INFO 2023-11-28 22:30:19,614  17928  Watching for file changes with StatReloader
INFO 2023-11-28 22:30:19,673  27588  Watching for file changes with StatReloader
ERROR 2023-11-28 22:30:21,742  17928  Internal Server Error: /
Traceback (most recent call last):
  File "C:\Users\vkori\venv\Lib\site-packages\django\core\handlers\exception.py", line 55, in inner
    response = get_response(request)
               ^^^^^^^^^^^^^^^^^^^^^
  File "C:\Users\vkori\venv\Lib\site-packages\django\core\handlers\base.py", line 197, in _get_response
    response = wrapped_callback(request, *callback_args, **callback_kwargs)
               ^^^^^^^^^^^^^^^^^^^^^^^^^^^^^^^^^^^^^^^^^^^^^^^^^^^^^^^^^^^^
  File "D:\Emobilis\ClimateActionFrontier_EmobilisProjectShowcasing\mainapp\views.py", line 23, in home
    return render(request, "home.html")
           ^^^^^^^^^^^^^^^^^^^^^^^^^^^^
  File "C:\Users\vkori\venv\Lib\site-packages\django\shortcuts.py", line 24, in render
    content = loader.render_to_string(template_name, context, request, using=using)
              ^^^^^^^^^^^^^^^^^^^^^^^^^^^^^^^^^^^^^^^^^^^^^^^^^^^^^^^^^^^^^^^^^^^^^
  File "C:\Users\vkori\venv\Lib\site-packages\django\template\loader.py", line 62, in render_to_string
    return template.render(context, request)
           ^^^^^^^^^^^^^^^^^^^^^^^^^^^^^^^^^
  File "C:\Users\vkori\venv\Lib\site-packages\django\template\backends\django.py", line 61, in render
    return self.template.render(context)
           ^^^^^^^^^^^^^^^^^^^^^^^^^^^^^
  File "C:\Users\vkori\venv\Lib\site-packages\django\template\base.py", line 175, in render
    return self._render(context)
           ^^^^^^^^^^^^^^^^^^^^^
  File "C:\Users\vkori\venv\Lib\site-packages\django\template\base.py", line 167, in _render
    return self.nodelist.render(context)
           ^^^^^^^^^^^^^^^^^^^^^^^^^^^^^
  File "C:\Users\vkori\venv\Lib\site-packages\django\template\base.py", line 1005, in render
    return SafeString("".join([node.render_annotated(context) for node in self]))
                               ^^^^^^^^^^^^^^^^^^^^^^^^^^^^^^
  File "C:\Users\vkori\venv\Lib\site-packages\django\template\base.py", line 966, in render_annotated
    return self.render(context)
           ^^^^^^^^^^^^^^^^^^^^
  File "C:\Users\vkori\venv\Lib\site-packages\django\template\loader_tags.py", line 157, in render
    return compiled_parent._render(context)
           ^^^^^^^^^^^^^^^^^^^^^^^^^^^^^^^^
  File "C:\Users\vkori\venv\Lib\site-packages\django\template\base.py", line 167, in _render
    return self.nodelist.render(context)
           ^^^^^^^^^^^^^^^^^^^^^^^^^^^^^
  File "C:\Users\vkori\venv\Lib\site-packages\django\template\base.py", line 1005, in render
    return SafeString("".join([node.render_annotated(context) for node in self]))
                               ^^^^^^^^^^^^^^^^^^^^^^^^^^^^^^
  File "C:\Users\vkori\venv\Lib\site-packages\django\template\base.py", line 966, in render_annotated
    return self.render(context)
           ^^^^^^^^^^^^^^^^^^^^
  File "C:\Users\vkori\venv\Lib\site-packages\django\template\loader_tags.py", line 208, in render
    return template.render(context)
           ^^^^^^^^^^^^^^^^^^^^^^^^
  File "C:\Users\vkori\venv\Lib\site-packages\django\template\base.py", line 177, in render
    return self._render(context)
           ^^^^^^^^^^^^^^^^^^^^^
  File "C:\Users\vkori\venv\Lib\site-packages\django\template\base.py", line 167, in _render
    return self.nodelist.render(context)
           ^^^^^^^^^^^^^^^^^^^^^^^^^^^^^
  File "C:\Users\vkori\venv\Lib\site-packages\django\template\base.py", line 1005, in render
    return SafeString("".join([node.render_annotated(context) for node in self]))
                               ^^^^^^^^^^^^^^^^^^^^^^^^^^^^^^
  File "C:\Users\vkori\venv\Lib\site-packages\django\template\base.py", line 966, in render_annotated
    return self.render(context)
           ^^^^^^^^^^^^^^^^^^^^
  File "C:\Users\vkori\venv\Lib\site-packages\django\template\defaulttags.py", line 471, in render
    url = reverse(view_name, args=args, kwargs=kwargs, current_app=current_app)
          ^^^^^^^^^^^^^^^^^^^^^^^^^^^^^^^^^^^^^^^^^^^^^^^^^^^^^^^^^^^^^^^^^^^^^
  File "C:\Users\vkori\venv\Lib\site-packages\django\urls\base.py", line 88, in reverse
    return resolver._reverse_with_prefix(view, prefix, *args, **kwargs)
           ^^^^^^^^^^^^^^^^^^^^^^^^^^^^^^^^^^^^^^^^^^^^^^^^^^^^^^^^^^^^
  File "C:\Users\vkori\venv\Lib\site-packages\django\urls\resolvers.py", line 828, in _reverse_with_prefix
    raise NoReverseMatch(msg)
django.urls.exceptions.NoReverseMatch: Reverse for 'donation' not found. 'donation' is not a valid view function or pattern name.
INFO 2023-11-28 22:31:02,349  17928  D:\Emobilis\ClimateActionFrontier_EmobilisProjectShowcasing\ClimateActionFrontier_EmobilisProjectShowcasing\urls.py changed, reloading.
INFO 2023-11-28 22:31:03,066  3584  Watching for file changes with StatReloader
INFO 2023-11-28 22:31:03,081  20924  Watching for file changes with StatReloader
WARNING 2023-11-28 22:31:05,773  3584  Not Found: /cdn-cgi/scripts/5c5dd728/cloudflare-static/email-decode.min.js
WARNING 2023-11-28 22:31:07,241  3584  Not Found: /assets/img/project/single-donation-1.jpg
WARNING 2023-11-28 22:31:07,245  3584  Not Found: /cdn-cgi/scripts/5c5dd728/cloudflare-static/email-decode.min.js
INFO 2023-11-28 22:31:17,174  3584  254728552650 4
DEBUG 2023-11-28 22:31:17,175  3584  Starting new HTTPS connection (1): sandbox.safaricom.co.ke:443
DEBUG 2023-11-28 22:31:18,319  3584  https://sandbox.safaricom.co.ke:443 "GET /oauth/v1/generate?grant_type=client_credentials HTTP/1.1" 200 None
DEBUG 2023-11-28 22:31:18,319  3584  Starting new HTTPS connection (1): sandbox.safaricom.co.ke:443
DEBUG 2023-11-28 22:31:20,485  3584  https://sandbox.safaricom.co.ke:443 "POST /mpesa/stkpush/v1/processrequest HTTP/1.1" 200 None
DEBUG 2023-11-28 22:31:20,485  3584  {'MerchantRequestID': '42439-80115312-1', 'CheckoutRequestID': 'ws_CO_28112023223317831728552650', 'ResponseCode': '0', 'ResponseDescription': 'Success. Request accepted for processing', 'CustomerMessage': 'Success. Request accepted for processing'}
WARNING 2023-11-28 22:31:20,575  3584  Not Found: /assets/img/project/single-donation-1.jpg
WARNING 2023-11-28 22:31:20,586  3584  Not Found: /cdn-cgi/scripts/5c5dd728/cloudflare-static/email-decode.min.js
INFO 2023-11-28 22:33:44,553  3584  254728552650 4
DEBUG 2023-11-28 22:33:44,554  3584  Starting new HTTPS connection (1): sandbox.safaricom.co.ke:443
DEBUG 2023-11-28 22:33:45,570  3584  https://sandbox.safaricom.co.ke:443 "GET /oauth/v1/generate?grant_type=client_credentials HTTP/1.1" 200 None
DEBUG 2023-11-28 22:33:45,574  3584  Starting new HTTPS connection (1): sandbox.safaricom.co.ke:443
DEBUG 2023-11-28 22:33:47,493  3584  https://sandbox.safaricom.co.ke:443 "POST /mpesa/stkpush/v1/processrequest HTTP/1.1" 200 None
DEBUG 2023-11-28 22:33:47,493  3584  {'MerchantRequestID': '18137-144865635-1', 'CheckoutRequestID': 'ws_CO_28112023223544752728552650', 'ResponseCode': '0', 'ResponseDescription': 'Success. Request accepted for processing', 'CustomerMessage': 'Success. Request accepted for processing'}
WARNING 2023-11-28 22:33:47,889  3584  Not Found: /cdn-cgi/scripts/5c5dd728/cloudflare-static/email-decode.min.js
WARNING 2023-11-28 22:33:47,904  3584  Not Found: /assets/img/project/single-donation-1.jpg
INFO 2023-11-28 22:33:51,978  24596  Watching for file changes with StatReloader
WARNING 2023-11-28 22:33:53,766  3584  Not Found: /cdn-cgi/scripts/5c5dd728/cloudflare-static/email-decode.min.js
WARNING 2023-11-28 22:33:55,860  3584  Not Found: /assets/img/project/single-donation-1.jpg
WARNING 2023-11-28 22:33:55,865  3584  Not Found: /cdn-cgi/scripts/5c5dd728/cloudflare-static/email-decode.min.js
INFO 2023-11-28 22:34:05,153  3584  254728552650 50
DEBUG 2023-11-28 22:34:05,155  3584  Starting new HTTPS connection (1): sandbox.safaricom.co.ke:443
DEBUG 2023-11-28 22:34:06,331  3584  https://sandbox.safaricom.co.ke:443 "GET /oauth/v1/generate?grant_type=client_credentials HTTP/1.1" 200 None
DEBUG 2023-11-28 22:34:06,331  3584  Starting new HTTPS connection (1): sandbox.safaricom.co.ke:443
DEBUG 2023-11-28 22:34:07,432  3584  https://sandbox.safaricom.co.ke:443 "POST /mpesa/stkpush/v1/processrequest HTTP/1.1" 500 None
DEBUG 2023-11-28 22:34:07,448  3584  {'requestId': '31755-49512387-2', 'errorCode': '500.001.1001', 'errorMessage': 'Unable to lock subscriber, a transaction is already in process for the current subscriber'}
ERROR 2023-11-28 22:34:07,500  3584  Internal Server Error: /donation
Traceback (most recent call last):
  File "C:\Users\vkori\venv\Lib\site-packages\django\core\handlers\exception.py", line 55, in inner
    response = get_response(request)
               ^^^^^^^^^^^^^^^^^^^^^
  File "C:\Users\vkori\venv\Lib\site-packages\django\core\handlers\base.py", line 197, in _get_response
    response = wrapped_callback(request, *callback_args, **callback_kwargs)
               ^^^^^^^^^^^^^^^^^^^^^^^^^^^^^^^^^^^^^^^^^^^^^^^^^^^^^^^^^^^^
  File "D:\Emobilis\ClimateActionFrontier_EmobilisProjectShowcasing\mainapp\views.py", line 397, in initiate_payment
    code = json_resp['ResponseCode']
           ~~~~~~~~~^^^^^^^^^^^^^^^^
KeyError: 'ResponseCode'
INFO 2023-11-28 22:35:29,013  25180  Watching for file changes with StatReloader
WARNING 2023-11-28 22:35:30,525  3584  Not Found: /cdn-cgi/scripts/5c5dd728/cloudflare-static/email-decode.min.js
WARNING 2023-11-28 22:35:32,553  3584  Not Found: /cdn-cgi/scripts/5c5dd728/cloudflare-static/email-decode.min.js
WARNING 2023-11-28 22:35:32,557  3584  Not Found: /assets/img/project/single-donation-1.jpg
INFO 2023-11-28 22:35:49,340  3584  254728552650 50
DEBUG 2023-11-28 22:35:49,342  3584  Starting new HTTPS connection (1): sandbox.safaricom.co.ke:443
DEBUG 2023-11-28 22:35:50,679  3584  https://sandbox.safaricom.co.ke:443 "GET /oauth/v1/generate?grant_type=client_credentials HTTP/1.1" 200 None
DEBUG 2023-11-28 22:35:50,694  3584  Starting new HTTPS connection (1): sandbox.safaricom.co.ke:443
DEBUG 2023-11-28 22:35:52,858  3584  https://sandbox.safaricom.co.ke:443 "POST /mpesa/stkpush/v1/processrequest HTTP/1.1" 200 None
DEBUG 2023-11-28 22:35:52,858  3584  {'MerchantRequestID': '18137-144873421-1', 'CheckoutRequestID': 'ws_CO_28112023223750172728552650', 'ResponseCode': '0', 'ResponseDescription': 'Success. Request accepted for processing', 'CustomerMessage': 'Success. Request accepted for processing'}
WARNING 2023-11-28 22:35:52,956  3584  Not Found: /cdn-cgi/scripts/5c5dd728/cloudflare-static/email-decode.min.js
WARNING 2023-11-28 22:35:52,957  3584  Not Found: /assets/img/project/single-donation-1.jpg
WARNING 2023-11-28 22:36:54,734  3584  Not Found: /cdn-cgi/scripts/5c5dd728/cloudflare-static/email-decode.min.js
WARNING 2023-11-28 22:36:56,929  3584  Not Found: /cdn-cgi/scripts/5c5dd728/cloudflare-static/email-decode.min.js
WARNING 2023-11-28 22:36:56,932  3584  Not Found: /assets/img/project/single-donation-1.jpg
INFO 2023-11-28 22:37:14,539  13144  Watching for file changes with StatReloader
WARNING 2023-11-28 22:37:16,271  3584  Not Found: /cdn-cgi/scripts/5c5dd728/cloudflare-static/email-decode.min.js
WARNING 2023-11-28 22:37:17,776  3584  Not Found: /assets/img/project/single-donation-1.jpg
WARNING 2023-11-28 22:37:17,781  3584  Not Found: /cdn-cgi/scripts/5c5dd728/cloudflare-static/email-decode.min.js
INFO 2023-11-28 22:38:43,331  1772  Watching for file changes with StatReloader
WARNING 2023-11-28 22:38:45,283  3584  Not Found: /cdn-cgi/scripts/5c5dd728/cloudflare-static/email-decode.min.js
WARNING 2023-11-28 22:38:52,072  3584  Not Found: /cdn-cgi/scripts/5c5dd728/cloudflare-static/email-decode.min.js
WARNING 2023-11-28 22:38:52,081  3584  Not Found: /assets/img/project/single-donation-1.jpg
INFO 2023-11-28 22:39:55,940  22448  Watching for file changes with StatReloader
WARNING 2023-11-28 22:39:59,463  3584  Not Found: /cdn-cgi/scripts/5c5dd728/cloudflare-static/email-decode.min.js
WARNING 2023-11-28 22:40:01,489  3584  Not Found: /assets/img/project/single-donation-1.jpg
WARNING 2023-11-28 22:40:01,496  3584  Not Found: /cdn-cgi/scripts/5c5dd728/cloudflare-static/email-decode.min.js
INFO 2023-11-28 22:40:18,483  14712  Watching for file changes with StatReloader
WARNING 2023-11-28 22:40:21,514  3584  Not Found: /cdn-cgi/scripts/5c5dd728/cloudflare-static/email-decode.min.js
WARNING 2023-11-28 22:40:23,046  3584  Not Found: /assets/img/project/single-donation-1.jpg
WARNING 2023-11-28 22:40:23,051  3584  Not Found: /cdn-cgi/scripts/5c5dd728/cloudflare-static/email-decode.min.js
INFO 2023-11-28 22:40:42,701  9732  Watching for file changes with StatReloader
WARNING 2023-11-28 22:40:45,054  3584  Not Found: /cdn-cgi/scripts/5c5dd728/cloudflare-static/email-decode.min.js
WARNING 2023-11-28 22:40:46,837  3584  Not Found: /cdn-cgi/scripts/5c5dd728/cloudflare-static/email-decode.min.js
WARNING 2023-11-28 22:40:46,841  3584  Not Found: /assets/img/project/single-donation-1.jpg
INFO 2023-11-28 22:40:56,809  3584  254728552650 609
DEBUG 2023-11-28 22:40:56,810  3584  Starting new HTTPS connection (1): sandbox.safaricom.co.ke:443
DEBUG 2023-11-28 22:40:58,087  3584  https://sandbox.safaricom.co.ke:443 "GET /oauth/v1/generate?grant_type=client_credentials HTTP/1.1" 200 None
DEBUG 2023-11-28 22:40:58,087  3584  Starting new HTTPS connection (1): sandbox.safaricom.co.ke:443
DEBUG 2023-11-28 22:41:00,020  3584  https://sandbox.safaricom.co.ke:443 "POST /mpesa/stkpush/v1/processrequest HTTP/1.1" 200 None
DEBUG 2023-11-28 22:41:00,020  3584  {'MerchantRequestID': '42446-80151576-1', 'CheckoutRequestID': 'ws_CO_28112023224406122728552650', 'ResponseCode': '0', 'ResponseDescription': 'Success. Request accepted for processing', 'CustomerMessage': 'Success. Request accepted for processing'}
WARNING 2023-11-28 22:41:00,106  3584  Not Found: /cdn-cgi/scripts/5c5dd728/cloudflare-static/email-decode.min.js
WARNING 2023-11-28 22:41:00,108  3584  Not Found: /assets/img/project/single-donation-1.jpg
INFO 2023-11-28 22:41:34,476  20964  Watching for file changes with StatReloader
WARNING 2023-11-28 22:41:36,023  3584  Not Found: /cdn-cgi/scripts/5c5dd728/cloudflare-static/email-decode.min.js
WARNING 2023-11-28 22:41:48,915  3584  Not Found: /cdn-cgi/scripts/5c5dd728/cloudflare-static/email-decode.min.js
WARNING 2023-11-28 22:41:48,918  3584  Not Found: /assets/img/project/single-donation-1.jpg
WARNING 2023-11-28 22:42:28,408  3584  Not Found: /assets/img/about/about-shape-2.png
WARNING 2023-11-28 22:42:28,413  3584  Not Found: /assets/img/shape-2.png
WARNING 2023-11-28 22:42:28,416  3584  Not Found: /cdn-cgi/scripts/5c5dd728/cloudflare-static/email-decode.min.js
WARNING 2023-11-28 22:42:28,484  3584  Not Found: /assets/img/about/deer.png
WARNING 2023-11-28 22:42:28,492  3584  Not Found: /assets/img/section-shape.png
WARNING 2023-11-28 22:42:28,492  3584  Not Found: /assets/img/team/team-shape-2.png
WARNING 2023-11-28 22:42:28,502  3584  Not Found: /assets/img/team/team-1.jpg
WARNING 2023-11-28 22:42:28,513  3584  Not Found: /assets/img/team/team-2.jpg
WARNING 2023-11-28 22:42:28,542  3584  Not Found: /assets/img/team/team-3.jpg
WARNING 2023-11-28 22:42:28,542  3584  Not Found: /assets/img/team/team-4.jpg
WARNING 2023-11-28 22:42:28,554  3584  Not Found: /assets/img/team/team-5.jpg
WARNING 2023-11-28 22:42:28,559  3584  Not Found: /assets/img/team/team-6.jpg
WARNING 2023-11-28 22:42:28,570  3584  Not Found: /assets/img/shape-6.png
WARNING 2023-11-28 22:42:28,575  3584  Not Found: /assets/img/shape-13.png
WARNING 2023-11-28 22:42:28,587  3584  Not Found: /assets/img/about/skull.png
WARNING 2023-11-28 22:42:28,587  3584  Not Found: /assets/img/about/leaves.png
WARNING 2023-11-28 22:42:28,601  3584  Not Found: /assets/img/bg-shape-5.png
WARNING 2023-11-28 22:42:32,573  3584  Not Found: /cdn-cgi/scripts/5c5dd728/cloudflare-static/email-decode.min.js
WARNING 2023-11-28 22:42:40,835  3584  Not Found: /cdn-cgi/scripts/5c5dd728/cloudflare-static/email-decode.min.js
WARNING 2023-11-28 22:42:44,774  3584  Not Found: /cdn-cgi/scripts/5c5dd728/cloudflare-static/email-decode.min.js
WARNING 2023-11-28 22:42:44,778  3584  Not Found: /assets/img/project/project-1.jpg
WARNING 2023-11-28 22:42:44,784  3584  Not Found: /assets/img/shape-1.png
WARNING 2023-11-28 22:42:44,842  3584  Not Found: /assets/img/project/project-2.jpg
WARNING 2023-11-28 22:42:44,849  3584  Not Found: /assets/img/project/project-3.jpg
WARNING 2023-11-28 22:42:44,853  3584  Not Found: /assets/img/project/project-4.jpg
WARNING 2023-11-28 22:42:44,859  3584  Not Found: /assets/img/project/project-6.jpg
WARNING 2023-11-28 22:42:44,867  3584  Not Found: /assets/img/project/project-5.jpg
WARNING 2023-11-28 22:42:44,870  3584  Not Found: /assets/img/shape-1.png
INFO 2023-11-28 22:55:21,190  2324  Watching for file changes with StatReloader
WARNING 2023-11-28 22:55:23,593  3584  Not Found: /cdn-cgi/scripts/5c5dd728/cloudflare-static/email-decode.min.js
WARNING 2023-11-28 22:55:28,095  3584  Not Found: /assets/img/project/single-donation-1.jpg
WARNING 2023-11-28 22:55:28,102  3584  Not Found: /cdn-cgi/scripts/5c5dd728/cloudflare-static/email-decode.min.js
INFO 2023-11-28 23:00:57,379  1248  Watching for file changes with StatReloader
WARNING 2023-11-28 23:00:58,952  3584  Not Found: /cdn-cgi/scripts/5c5dd728/cloudflare-static/email-decode.min.js
WARNING 2023-11-28 23:01:00,672  3584  Not Found: /assets/img/project/single-donation-1.jpg
WARNING 2023-11-28 23:01:00,675  3584  Not Found: /cdn-cgi/scripts/5c5dd728/cloudflare-static/email-decode.min.js
WARNING 2023-11-28 23:01:28,970  3584  Not Found: /assets/img/project/project-1.jpg
WARNING 2023-11-28 23:01:28,976  3584  Not Found: /cdn-cgi/scripts/5c5dd728/cloudflare-static/email-decode.min.js
WARNING 2023-11-28 23:01:29,115  3584  Not Found: /assets/img/shape-1.png
WARNING 2023-11-28 23:01:29,115  3584  Not Found: /assets/img/project/project-2.jpg
WARNING 2023-11-28 23:01:29,126  3584  Not Found: /assets/img/project/project-3.jpg
WARNING 2023-11-28 23:01:29,135  3584  Not Found: /assets/img/project/project-4.jpg
WARNING 2023-11-28 23:01:29,143  3584  Not Found: /assets/img/project/project-6.jpg
WARNING 2023-11-28 23:01:29,156  3584  Not Found: /assets/img/project/project-5.jpg
WARNING 2023-11-28 23:01:42,190  3584  Not Found: /assets/img/project/single-donation-1.jpg
WARNING 2023-11-28 23:01:42,193  3584  Not Found: /cdn-cgi/scripts/5c5dd728/cloudflare-static/email-decode.min.js
INFO 2023-11-28 23:07:27,317  12872  Watching for file changes with StatReloader
WARNING 2023-11-28 23:07:28,807  3584  Not Found: /cdn-cgi/scripts/5c5dd728/cloudflare-static/email-decode.min.js
WARNING 2023-11-28 23:07:30,113  3584  Not Found: /cdn-cgi/scripts/5c5dd728/cloudflare-static/email-decode.min.js
WARNING 2023-11-28 23:07:30,116  3584  Not Found: /assets/img/project/single-donation-1.jpg
INFO 2023-11-28 23:09:12,664  18348  Watching for file changes with StatReloader
WARNING 2023-11-28 23:09:14,214  3584  Not Found: /cdn-cgi/scripts/5c5dd728/cloudflare-static/email-decode.min.js
WARNING 2023-11-28 23:09:15,896  3584  Not Found: /assets/img/project/single-donation-1.jpg
WARNING 2023-11-28 23:09:15,901  3584  Not Found: /cdn-cgi/scripts/5c5dd728/cloudflare-static/email-decode.min.js
INFO 2023-11-28 23:10:24,566  17444  Watching for file changes with StatReloader
WARNING 2023-11-28 23:10:26,057  3584  Not Found: /cdn-cgi/scripts/5c5dd728/cloudflare-static/email-decode.min.js
WARNING 2023-11-28 23:10:27,466  3584  Not Found: /cdn-cgi/scripts/5c5dd728/cloudflare-static/email-decode.min.js
WARNING 2023-11-28 23:10:27,472  3584  Not Found: /assets/img/project/single-donation-1.jpg
INFO 2023-11-28 23:11:44,092  14908  Watching for file changes with StatReloader
WARNING 2023-11-28 23:11:45,717  3584  Not Found: /cdn-cgi/scripts/5c5dd728/cloudflare-static/email-decode.min.js
WARNING 2023-11-28 23:11:47,750  3584  Not Found: /cdn-cgi/scripts/5c5dd728/cloudflare-static/email-decode.min.js
WARNING 2023-11-28 23:11:47,757  3584  Not Found: /assets/img/project/single-donation-1.jpg
WARNING 2023-11-28 23:13:18,612  3584  Not Found: /cdn-cgi/scripts/5c5dd728/cloudflare-static/email-decode.min.js
WARNING 2023-11-28 23:13:50,981  3584  Not Found: /cdn-cgi/scripts/5c5dd728/cloudflare-static/email-decode.min.js
WARNING 2023-11-28 23:14:51,478  3584  Not Found: /cdn-cgi/scripts/5c5dd728/cloudflare-static/email-decode.min.js
WARNING 2023-11-28 23:15:05,372  3584  Not Found: /assets/img/project/project-1.jpg
WARNING 2023-11-28 23:15:05,380  3584  Not Found: /assets/img/shape-1.png
WARNING 2023-11-28 23:15:05,386  3584  Not Found: /cdn-cgi/scripts/5c5dd728/cloudflare-static/email-decode.min.js
WARNING 2023-11-28 23:15:05,435  3584  Not Found: /assets/img/project/project-2.jpg
WARNING 2023-11-28 23:15:05,448  3584  Not Found: /assets/img/project/project-3.jpg
WARNING 2023-11-28 23:15:05,452  3584  Not Found: /assets/img/project/project-4.jpg
WARNING 2023-11-28 23:15:05,460  3584  Not Found: /assets/img/project/project-5.jpg
WARNING 2023-11-28 23:15:05,462  3584  Not Found: /assets/img/project/project-6.jpg
WARNING 2023-11-28 23:15:05,466  3584  Not Found: /assets/img/shape-1.png
WARNING 2023-11-28 23:18:16,446  3584  Not Found: /cdn-cgi/scripts/5c5dd728/cloudflare-static/email-decode.min.js
WARNING 2023-11-28 23:19:09,472  3584  Not Found: /cdn-cgi/scripts/5c5dd728/cloudflare-static/email-decode.min.js
WARNING 2023-11-28 23:19:13,951  3584  Not Found: /assets/img/project/single-project-1.jpg
WARNING 2023-11-28 23:19:13,956  3584  Not Found: /cdn-cgi/scripts/5c5dd728/cloudflare-static/email-decode.min.js
WARNING 2023-11-28 23:19:14,000  3584  Not Found: /assets/img/project/project-2.jpg
WARNING 2023-11-28 23:19:14,004  3584  Not Found: /assets/img/project/project-1.jpg
INFO 2023-11-28 23:30:47,732  23608  Watching for file changes with StatReloader
WARNING 2023-11-28 23:30:49,463  3584  Not Found: /cdn-cgi/scripts/5c5dd728/cloudflare-static/email-decode.min.js
WARNING 2023-11-28 23:30:51,025  3584  Not Found: /cdn-cgi/scripts/5c5dd728/cloudflare-static/email-decode.min.js
WARNING 2023-11-28 23:30:51,031  3584  Not Found: /assets/img/project/single-donation-1.jpg
INFO 2023-11-28 23:32:13,957  4288  Watching for file changes with StatReloader
WARNING 2023-11-28 23:32:16,511  3584  Not Found: /cdn-cgi/scripts/5c5dd728/cloudflare-static/email-decode.min.js
WARNING 2023-11-28 23:32:18,153  3584  Not Found: /assets/img/project/single-donation-1.jpg
WARNING 2023-11-28 23:32:18,156  3584  Not Found: /cdn-cgi/scripts/5c5dd728/cloudflare-static/email-decode.min.js
INFO 2023-11-28 23:32:59,798  20392  Watching for file changes with StatReloader
WARNING 2023-11-28 23:33:04,875  3584  Not Found: /assets/img/project/single-donation-1.jpg
WARNING 2023-11-28 23:33:04,878  3584  Not Found: /cdn-cgi/scripts/5c5dd728/cloudflare-static/email-decode.min.js
WARNING 2023-11-28 23:34:47,293  3584  Not Found: /cdn-cgi/scripts/5c5dd728/cloudflare-static/email-decode.min.js
WARNING 2023-11-28 23:34:48,788  3584  Not Found: /cdn-cgi/scripts/5c5dd728/cloudflare-static/email-decode.min.js
WARNING 2023-11-28 23:34:48,790  3584  Not Found: /assets/img/project/single-donation-1.jpg
WARNING 2023-11-28 23:41:38,177  3584  Not Found: /cdn-cgi/scripts/5c5dd728/cloudflare-static/email-decode.min.js
WARNING 2023-11-28 23:41:40,697  3584  Not Found: /assets/img/project/single-donation-1.jpg
WARNING 2023-11-28 23:41:40,702  3584  Not Found: /cdn-cgi/scripts/5c5dd728/cloudflare-static/email-decode.min.js
WARNING 2023-11-28 23:43:27,317  3584  Not Found: /cdn-cgi/scripts/5c5dd728/cloudflare-static/email-decode.min.js
